Change Component Designator: Old Designator=C19 New Designator=C21
Change Component Designator: Old Designator=C20 New Designator=C22
Change Component Designator: Old Designator=C21 New Designator=C23
Change Component Designator: Old Designator=C22 New Designator=C24
Change Component Designator: Old Designator=C23 New Designator=C25
Change Component Designator: Old Designator=C24 New Designator=C26
Change Component Designator: Old Designator=C25 New Designator=C27
Change Component Designator: Old Designator=C26 New Designator=C28
Change Component Designator: Old Designator=C? New Designator=C19
Change Component Designator: Old Designator=C? New Designator=C20
Change Component Designator: Old Designator=C? New Designator=C29
Change Component Designator: Old Designator=C? New Designator=C30
Change Component Designator: Old Designator=D? New Designator=D2
Change Component Designator: Old Designator=FB? New Designator=FB2
Change Component Designator: Old Designator=R6 New Designator=R9
Change Component Designator: Old Designator=R7 New Designator=R10
Change Component Designator: Old Designator=R8 New Designator=R11
Change Component Designator: Old Designator=R9 New Designator=R13
Change Component Designator: Old Designator=R? New Designator=R6
Change Component Designator: Old Designator=R? New Designator=R7
Change Component Designator: Old Designator=R? New Designator=R8
Change Component Designator: Old Designator=R? New Designator=R12
Change Component Designator: Old Designator=TP? New Designator=TP1
Change Component Designator: Old Designator=TP? New Designator=TP2
Change Component Designator: Old Designator=U2 New Designator=U3
Change Component Designator: Old Designator=U3 New Designator=U4
Change Component Designator: Old Designator=U? New Designator=U2
Change Component Designator: Old Designator=USB? New Designator=USB1
Change Component Designator: Old Designator=X? New Designator=X2
