Removed Member From Class: ClassName=GRMII_50O Member=KSZ_GTXC5
Removed Member From Class: ClassName=GRMII_50O Member=KSZ_TXD5_0
Removed Member From Class: ClassName=GRMII_50O Member=KSZ_TXD5_1
Removed Member From Class: ClassName=GRMII_50O Member=KSZ_TXD5_2
Removed Member From Class: ClassName=GRMII_50O Member=KSZ_TXD5_3
Removed Member From Class: ClassName=GRMII_50O Member=KSZ_TXD5_CTL
Removed Member From Class: ClassName=GRMII_50O Member=RTL_RXC
Removed Member From Class: ClassName=GRMII_50O Member=RTL_RXCTL
Removed Member From Class: ClassName=GRMII_50O Member=RTL_RXD0
Removed Member From Class: ClassName=GRMII_50O Member=RTL_RXD1
Removed Member From Class: ClassName=GRMII_50O Member=RTL_RXD2
Removed Member From Class: ClassName=GRMII_50O Member=RTL_RXD3
Change component parameters: Designator = "R31" ("R31"); Footprint = "RES_0402"; UniqueID = "\VQKCMSYK" ("\VQKCMSYK")
Change component parameters (AddParameter): Name = "de"; Value = ""; VariantName = "[No Variations]"
Change component parameters (AddParameter): Name = "Distributor Link"; Value = ""; VariantName = "[No Variations]"
Change component parameters (AddParameter): Name = "LCSC"; Value = ""; VariantName = "[No Variations]"
Change component parameters (AddParameter): Name = "Manufacturer"; Value = ""; VariantName = "[No Variations]"
Change component parameters (AddParameter): Name = "Manufacturer Part Number"; Value = ""; VariantName = "[No Variations]"
Change component parameters: Designator = "R32" ("R32"); Footprint = "RES_0402"; UniqueID = "\ZWDPVYQR" ("\ZWDPVYQR")
Change component parameters (AddParameter): Name = "de"; Value = ""; VariantName = "[No Variations]"
Change component parameters (AddParameter): Name = "Distributor Link"; Value = ""; VariantName = "[No Variations]"
Change component parameters (AddParameter): Name = "LCSC"; Value = ""; VariantName = "[No Variations]"
Change component parameters (AddParameter): Name = "Manufacturer"; Value = ""; VariantName = "[No Variations]"
Change component parameters (AddParameter): Name = "Manufacturer Part Number"; Value = ""; VariantName = "[No Variations]"
Change component parameters: Designator = "R33" ("R33"); Footprint = "RES_0402"; UniqueID = "\ZXHOEYAU" ("\ZXHOEYAU")
Change component parameters (AddParameter): Name = "de"; Value = ""; VariantName = "[No Variations]"
Change component parameters (AddParameter): Name = "Distributor Link"; Value = ""; VariantName = "[No Variations]"
Change component parameters (AddParameter): Name = "LCSC"; Value = ""; VariantName = "[No Variations]"
Change component parameters (AddParameter): Name = "Manufacturer"; Value = ""; VariantName = "[No Variations]"
Change component parameters (AddParameter): Name = "Manufacturer Part Number"; Value = ""; VariantName = "[No Variations]"
Change component parameters: Designator = "R35" ("R35"); Footprint = "RES_0402"; UniqueID = "\STXKDYTR" ("\STXKDYTR")
Change component parameters (AddParameter): Name = "de"; Value = ""; VariantName = "[No Variations]"
Change component parameters (AddParameter): Name = "Distributor Link"; Value = ""; VariantName = "[No Variations]"
Change component parameters (AddParameter): Name = "LCSC"; Value = ""; VariantName = "[No Variations]"
Change component parameters (AddParameter): Name = "Manufacturer"; Value = ""; VariantName = "[No Variations]"
Change component parameters (AddParameter): Name = "Manufacturer Part Number"; Value = ""; VariantName = "[No Variations]"
Change component parameters: Designator = "R36" ("R36"); Footprint = "RES_0402"; UniqueID = "\QBYPKTPX" ("\QBYPKTPX")
Change component parameters (AddParameter): Name = "de"; Value = ""; VariantName = "[No Variations]"
Change component parameters (AddParameter): Name = "Distributor Link"; Value = ""; VariantName = "[No Variations]"
Change component parameters (AddParameter): Name = "LCSC"; Value = ""; VariantName = "[No Variations]"
Change component parameters (AddParameter): Name = "Manufacturer"; Value = ""; VariantName = "[No Variations]"
Change component parameters (AddParameter): Name = "Manufacturer Part Number"; Value = ""; VariantName = "[No Variations]"
Change component parameters: Designator = "R37" ("R37"); Footprint = "RES_0402"; UniqueID = "\DKXVEERY" ("\DKXVEERY")
Change component parameters (AddParameter): Name = "de"; Value = ""; VariantName = "[No Variations]"
Change component parameters (AddParameter): Name = "Distributor Link"; Value = ""; VariantName = "[No Variations]"
Change component parameters (AddParameter): Name = "LCSC"; Value = ""; VariantName = "[No Variations]"
Change component parameters (AddParameter): Name = "Manufacturer"; Value = ""; VariantName = "[No Variations]"
Change component parameters (AddParameter): Name = "Manufacturer Part Number"; Value = ""; VariantName = "[No Variations]"
Change Class Name : Old Net Name=GRMII_50O New Net Name=GRMII_TX
Added Class: Name=GRMII_RX
Added Rule: Name=Schematic Matched Net Lengths
Added Rule: Name=Schematic Matched Net Lengths_1
