Change Component DesignItemId : Designator=R8 Old DesignItemId=RES_0603 New DesignItemId=RES_0402
Change Component DesignItemId : Designator=R9 Old DesignItemId=RES_0603 New DesignItemId=RES_0402
Change Component DesignItemId : Designator=R10 Old DesignItemId=RES_0603 New DesignItemId=RES_0402
Change Component DesignItemId : Designator=R11 Old DesignItemId=RES_0603 New DesignItemId=RES_0402
Change Component DesignItemId : Designator=R13 Old DesignItemId=RES_0603 New DesignItemId=RES_0402
Change Component DesignItemId : Designator=R15 Old DesignItemId=RES_0603 New DesignItemId=RES_0402
Change Component Footprint: Designator=R8 Old Footprint=RES_0603 New Footprint=RES_0402
Change Component Footprint: Designator=R9 Old Footprint=RES_0603 New Footprint=RES_0402
Change Component Footprint: Designator=R10 Old Footprint=RES_0603 New Footprint=RES_0402
Change Component Footprint: Designator=R11 Old Footprint=RES_0603 New Footprint=RES_0402
Change Component Footprint: Designator=R13 Old Footprint=RES_0603 New Footprint=RES_0402
Change Component Footprint: Designator=R15 Old Footprint=RES_0603 New Footprint=RES_0402
Change Component Comment : Designator=R8 Old Comment=22R New Comment=R0402
Change Component Comment : Designator=R9 Old Comment=22R New Comment=R0402
Change Component Comment : Designator=R10 Old Comment=22R New Comment=R0402
Change Component Comment : Designator=R11 Old Comment=22R New Comment=R0402
Change Component Comment : Designator=R13 Old Comment=22R New Comment=R0402
Change Component Comment : Designator=R15 Old Comment=22R New Comment=R0402
Change Component Description : Designator=R8 Old Description=[C23345] New Description=Resistor SMD 0402
Change Component Description : Designator=R9 Old Description=[C23345] New Description=Resistor SMD 0402
Change Component Description : Designator=R10 Old Description=[C23345] New Description=Resistor SMD 0402
Change Component Description : Designator=R11 Old Description=[C23345] New Description=Resistor SMD 0402
Change Component Description : Designator=R13 Old Description=[C23345] New Description=Resistor SMD 0402
Change Component Description : Designator=R15 Old Description=[C23345] New Description=Resistor SMD 0402
Change Net Color : Old Net Color=RGB(158, 161, 117) New Net Color=Default
Change Net Color : Old Net Color=RGB(158, 161, 117) New Net Color=Default
Change Net Color : Old Net Color=RGB(158, 161, 117) New Net Color=Default
Change Net Color : Old Net Color=RGB(158, 161, 117) New Net Color=Default
Change Net Color : Old Net Color=RGB(158, 161, 117) New Net Color=Default
