Added Component: Designator=U8(STM32F107RCT6)
Added Pin To Net: NetName=+3V3 Pin=U8-1
Added Pin To Net: NetName=RTL_INTB_PMEB Pin=U8-3
Added Pin To Net: NetName=RTL_RST Pin=U8-4
Added Pin To Net: NetName=MCU_OSC_IN Pin=U8-5
Added Pin To Net: NetName=MCU_OSC_OUT Pin=U8-6
Added Pin To Net: NetName=CIRCUIT_NRST Pin=U8-7
Added Pin To Net: NetName=MCU_MDC Pin=U8-9
Added Pin To Net: NetName=GND Pin=U8-12
Added Pin To Net: NetName=+3V3 Pin=U8-13
Added Pin To Net: NetName=MCU_MDIO Pin=U8-16
Added Pin To Net: NetName=GND Pin=U8-18
Added Pin To Net: NetName=+3V3 Pin=U8-19
Added Pin To Net: NetName=MCU_SPI_CS Pin=U8-20
Added Pin To Net: NetName=MCU_SPI_SCK_R Pin=U8-21
Added Pin To Net: NetName=MCU_SPI_MISO_R Pin=U8-22
Added Pin To Net: NetName=MCU_SPI_MOSI_R Pin=U8-23
Added Pin To Net: NetName=KSZ_INTR_N Pin=U8-28
Added Pin To Net: NetName=KSZ_PME_N Pin=U8-29
Added Pin To Net: NetName=KSZ_RST Pin=U8-30
Added Pin To Net: NetName=GND Pin=U8-31
Added Pin To Net: NetName=+3V3 Pin=U8-32
Added Pin To Net: NetName=MCU_LEDR Pin=U8-37
Added Pin To Net: NetName=MCU_LEDG Pin=U8-38
Added Pin To Net: NetName=MCU_LEDB Pin=U8-39
Added Pin To Net: NetName=USB-C_MCU_D_N Pin=U8-44
Added Pin To Net: NetName=USB-C_MCU_D_P Pin=U8-45
Added Pin To Net: NetName=MCU_SWDIO Pin=U8-46
Added Pin To Net: NetName=GND Pin=U8-47
Added Pin To Net: NetName=+3V3 Pin=U8-48
Added Pin To Net: NetName=MCU_SWCLK Pin=U8-49
Added Pin To Net: NetName=MCU_SWO Pin=U8-55
Added Pin To Net: NetName=MCU_BOOT0 Pin=U8-60
Added Pin To Net: NetName=GND Pin=U8-63
Added Pin To Net: NetName=+3V3 Pin=U8-64
Added Member To Class: ClassName=MCU Member=Component U8 256KB ARM-M3 72MHz
